[INFO   ] Logger: Record log in /storage/emulated/0/Download/WhatsAppClone/WhatsAppClone/.kivy/logs/kivy_24-12-05_24.txt
[INFO   ] Kivy: v2.2.1
[INFO   ] Kivy: Installed at "/data/user/0/ru.iiec.pydroid3/files/aarch64-linux-android/lib/python3.11/site-packages/kivy/__init__.py"
[INFO   ] Python: v3.11.4 (main, Sep 30 2023, 10:54:38) [GCC 11.4.0]
[INFO   ] Python: Interpreter at "/data/user/0/ru.iiec.pydroid3/files/aarch64-linux-android/bin/python3"
[INFO   ] Logger: Purge log fired. Processing...
[INFO   ] Logger: Purge finished!
[INFO   ] KivyMD: 1.2.0, git-Unknown, 2024-08-06 (installed at "/data/user/0/ru.iiec.pydroid3/files/aarch64-linux-android/lib/python3.11/site-packages/kivymd/__init__.py")
[WARNING] KivyMD: Version 1.2.0 is deprecated and is no longer supported. Use KivyMD version 2.0.0 from the master branch (pip install https://github.com/kivymd/KivyMD/archive/master.zip)
[INFO   ] Factory: 190 symbols loaded
[INFO   ] Image: Providers: img_tex, img_dds, img_sdl2, img_pil (img_ffpyplayer ignored)
[INFO   ] Text: Provider: sdl2
[INFO   ] Window: Provider: sdl2
[INFO   ] GL: Using the "OpenGL ES 2" graphics system
[INFO   ] GL: Backend used <sdl2>
[INFO   ] GL: OpenGL version <b'OpenGL ES 3.2 v1.r32p1-01eac0.52688e0652bc37eab85ce86c674ab12f'>
[INFO   ] GL: OpenGL vendor <b'ARM'>
[INFO   ] GL: OpenGL renderer <b'Mali-G52 MC2'>
[INFO   ] GL: OpenGL parsed version: 3, 2
[INFO   ] GL: Texture max size <16383>
[INFO   ] GL: Texture max units <16>
[INFO   ] Window: auto add sdl2 input provider
[INFO   ] Window: virtual keyboard not allowed, single mode, not docked
[INFO   ] Clipboard: Provider: android
[INFO   ] GL: NPOT texture support is available
[WARNING] Deprecated property "<StringProperty name=text>" of object "<kivymd.uix.chip.chip.MDChip object at 0x7b99d830e0>" was accessed, it will be removed in a future version
[WARNING] Deprecated property "<ColorProperty name=text_color>" of object "<kivymd.uix.chip.chip.MDChip object at 0x7b99d830e0>" was accessed, it will be removed in a future version
[WARNING] stderr: Traceback (most recent call last):
[WARNING] stderr:   File "/data/user/0/ru.iiec.pydroid3/files/aarch64-linux-android/lib/python3.11/site-packages/kivy/lang/builder.py", line 240, in create_handler
[WARNING] stderr:     return eval(value, idmap), bound_list
[WARNING] stderr:            ^^^^^^^^^^^^^^^^^^
[WARNING] stderr:   File "<string>", line 6, in <module>
[WARNING] stderr: NameError: name 'ChatItem' is not defined
[WARNING] stderr: 
[WARNING] stderr: During handling of the above exception, another exception occurred:
[WARNING] stderr: 
[WARNING] stderr: Traceback (most recent call last):
[WARNING] stderr:   File "/data/user/0/ru.iiec.pydroid3/files/aarch64-linux-android/lib/python3.11/site-packages/kivy/lang/builder.py", line 694, in _apply_rule
[WARNING] stderr:     value, bound = create_handler(
[WARNING] stderr:                    ^^^^^^^^^^^^^^^
[WARNING] stderr:   File "/data/user/0/ru.iiec.pydroid3/files/aarch64-linux-android/lib/python3.11/site-packages/kivy/lang/builder.py", line 243, in create_handler
[WARNING] stderr:     raise BuilderException(rule.ctx, rule.line,
[WARNING] stderr: kivy.lang.builder.BuilderException: Parser: File "<inline>", line 6:
[WARNING] stderr: ...
[WARNING] stderr:       4:    MDSliverAppbar:
[WARNING] stderr:       5:        max_height:dp(400)
[WARNING] stderr: >>    6:        toolbar_cls:ChatItem(avatar='img5.jpg')
[WARNING] stderr:       7:        MDSliverAppbarHeader:
[WARNING] stderr:       8:            MDRelativeLayout:
[WARNING] stderr: ...
[WARNING] stderr: NameError: name 'ChatItem' is not defined
[WARNING] stderr:   File "/data/user/0/ru.iiec.pydroid3/files/aarch64-linux-android/lib/python3.11/site-packages/kivy/lang/builder.py", line 240, in create_handler
[WARNING] stderr:     return eval(value, idmap), bound_list
[WARNING] stderr:            ^^^^^^^^^^^^^^^^^^
[WARNING] stderr:   File "<string>", line 6, in <module>
[WARNING] stderr: 
[WARNING] stderr: 
[WARNING] stderr: During handling of the above exception, another exception occurred:
[WARNING] stderr: 
[WARNING] stderr: Traceback (most recent call last):
[WARNING] stderr:   File "/storage/emulated/0/Download/WhatsAppClone/WhatsAppClone/main.py", line 369, in <module>
[WARNING] stderr:   File "/data/user/0/ru.iiec.pydroid3/files/aarch64-linux-android/lib/python3.11/site-packages/kivy/app.py", line 955, in run
[WARNING] stderr:     self._run_prepare()
[WARNING] stderr:   File "/data/user/0/ru.iiec.pydroid3/files/aarch64-linux-android/lib/python3.11/site-packages/kivy/app.py", line 925, in _run_prepare
[WARNING] stderr:     root = self.build()
[WARNING] stderr:            ^^^^^^^^^^^^
[WARNING] stderr:   File "/storage/emulated/0/Download/WhatsAppClone/WhatsAppClone/main.py", line 324, in build
[WARNING] stderr:     chats = [{
[WARNING] stderr:            ^^^^
[WARNING] stderr:   File "/data/user/0/ru.iiec.pydroid3/files/aarch64-linux-android/lib/python3.11/site-packages/kivy/lang/builder.py", line 407, in load_string
[WARNING] stderr:     self._apply_rule(
[WARNING] stderr:   File "/data/user/0/ru.iiec.pydroid3/files/aarch64-linux-android/lib/python3.11/site-packages/kivy/lang/builder.py", line 662, in _apply_rule
[WARNING] stderr:     self._apply_rule(
[WARNING] stderr:   File "/data/user/0/ru.iiec.pydroid3/files/aarch64-linux-android/lib/python3.11/site-packages/kivy/lang/builder.py", line 662, in _apply_rule
[WARNING] stderr:     self._apply_rule(
[WARNING] stderr:   File "/data/user/0/ru.iiec.pydroid3/files/aarch64-linux-android/lib/python3.11/site-packages/kivy/lang/builder.py", line 662, in _apply_rule
[WARNING] stderr:     self._apply_rule(
[WARNING] stderr:   File "/data/user/0/ru.iiec.pydroid3/files/aarch64-linux-android/lib/python3.11/site-packages/kivy/lang/builder.py", line 660, in _apply_rule
[WARNING] stderr:     child.apply_class_lang_rules(
[WARNING] stderr:   File "/data/user/0/ru.iiec.pydroid3/files/aarch64-linux-android/lib/python3.11/site-packages/kivy/uix/widget.py", line 470, in apply_class_lang_rules
[WARNING] stderr:     Builder.apply(
[WARNING] stderr:   File "/data/user/0/ru.iiec.pydroid3/files/aarch64-linux-android/lib/python3.11/site-packages/kivy/lang/builder.py", line 540, in apply
[WARNING] stderr:     self._apply_rule(
[WARNING] stderr:   File "/data/user/0/ru.iiec.pydroid3/files/aarch64-linux-android/lib/python3.11/site-packages/kivy/lang/builder.py", line 709, in _apply_rule
[WARNING] stderr:     raise BuilderException(rule.ctx, rule.line,
[WARNING] stderr: kivy.lang.builder.BuilderException: Parser: File "<inline>", line 6:
[WARNING] stderr: ...
[WARNING] stderr:       4:    MDSliverAppbar:
[WARNING] stderr:       5:        max_height:dp(400)
[WARNING] stderr: >>    6:        toolbar_cls:ChatItem(avatar='img5.jpg')
[WARNING] stderr:       7:        MDSliverAppbarHeader:
[WARNING] stderr:       8:            MDRelativeLayout:
[WARNING] stderr: ...
[WARNING] stderr: BuilderException: Parser: File "<inline>", line 6:
[WARNING] stderr: ...
[WARNING] stderr:       4:    MDSliverAppbar:
[WARNING] stderr:       5:        max_height:dp(400)
[WARNING] stderr: >>    6:        toolbar_cls:ChatItem(avatar='img5.jpg')
[WARNING] stderr:       7:        MDSliverAppbarHeader:
[WARNING] stderr:       8:            MDRelativeLayout:
[WARNING] stderr: ...
[WARNING] stderr: NameError: name 'ChatItem' is not defined
[WARNING] stderr:   File "/data/user/0/ru.iiec.pydroid3/files/aarch64-linux-android/lib/python3.11/site-packages/kivy/lang/builder.py", line 240, in create_handler
[WARNING] stderr:     return eval(value, idmap), bound_list
[WARNING] stderr:            ^^^^^^^^^^^^^^^^^^
[WARNING] stderr:   File "<string>", line 6, in <module>
[WARNING] stderr: 
[WARNING] stderr:   File "/data/user/0/ru.iiec.pydroid3/files/aarch64-linux-android/lib/python3.11/site-packages/kivy/lang/builder.py", line 694, in _apply_rule
[WARNING] stderr:     value, bound = create_handler(
[WARNING] stderr:                    ^^^^^^^^^^^^^^^
[WARNING] stderr:   File "/data/user/0/ru.iiec.pydroid3/files/aarch64-linux-android/lib/python3.11/site-packages/kivy/lang/builder.py", line 243, in create_handler
[WARNING] stderr:     raise BuilderException(rule.ctx, rule.line,
[WARNING] stderr: 
